<?xml version="1.0" encoding="UTF-8" ?>
<testsuite tests="1" failures="0" name="TestFather" time="0.002" errors="0" skipped="0">
  <properties>
    <property name="java.vendor" value="AdoptOpenJDK"/>
    <property name="sun.java.launcher" value="SUN_STANDARD"/>
    <property name="os.name" value="Windows 10"/>
    <property name="sun.desktop" value="windows"/>
    <property name="java.vm.specification.vendor" value="Oracle Corporation"/>
    <property name="java.runtime.version" value="14.0.2+12"/>
    <property name="user.name" value="haipeng.wang"/>
    <property name="java.compiler" value="j9jit29"/>
    <property name="os.encoding" value="UTF8"/>
    <property name="guice.disable.misplaced.annotation.check" value="true"/>
    <property name="com.ibm.util.extralibs.properties" value=""/>
    <property name="com.ibm.jcl.checkClassPath" value=""/>
    <property name="user.language" value="zh"/>
    <property name="com.ibm.oti.vm.bootstrap.library.path" value="E:\JDK_jre\jdk-14.0.2+12\bin\compressedrefs;E:\JDK_jre\jdk-14.0.2+12\bin"/>
    <property name="sun.boot.library.path" value="E:\JDK_jre\jdk-14.0.2+12\bin\compressedrefs;E:\JDK_jre\jdk-14.0.2+12\bin"/>
    <property name="classworlds.conf" value="E:\Maven\bin\apache-maven-3.6.3\bin\..\bin\m2.conf"/>
    <property name="jdk.extensions.version" value="14.0.2.0"/>
    <property name="java.version" value="14.0.2"/>
    <property name="user.timezone" value="Asia/Shanghai"/>
    <property name="com.ibm.system.agent.path" value="E:\JDK_jre\jdk-14.0.2+12\bin"/>
    <property name="sun.arch.data.model" value="64"/>
    <property name="com.ibm.oti.vm.library.version" value="29"/>
    <property name="sun.jnu.encoding" value="GBK"/>
    <property name="file.encoding.pkg" value="sun.io"/>
    <property name="file.separator" value="\"/>
    <property name="java.specification.name" value="Java Platform API Specification"/>
    <property name="maven.conf" value="E:\Maven\bin\apache-maven-3.6.3\bin\../conf"/>
    <property name="java.class.version" value="58.0"/>
    <property name="user.country" value="CN"/>
    <property name="java.home" value="E:\JDK_jre\jdk-14.0.2+12"/>
    <property name="java.vm.info" value="JRE 14 Windows 10 amd64-64-Bit Compressed References 20200715_148 (JIT enabled, AOT enabled)
OpenJ9   - 34cf4c075
OMR      - 113e54219
JCL      - 1d231bd6a2 based on jdk-14.0.2+12"/>
    <property name="os.version" value="10.0"/>
    <property name="jdk.boot.class.path.append" value=""/>
    <property name="sun.nio.MaxDirectMemorySize" value="3599368192"/>
    <property name="java.awt.fonts" value=""/>
    <property name="path.separator" value=";"/>
    <property name="java.vm.version" value="openj9-0.21.0"/>
    <property name="user.variant" value=""/>
    <property name="java.awt.printerjob" value="sun.awt.windows.WPrinterJob"/>
    <property name="jdk.extensions.name" value="Extensions for OpenJDK for Eclipse OpenJ9"/>
    <property name="sun.io.unicode.encoding" value="UnicodeLittle"/>
    <property name="sun.nio.PageAlignDirectMemory" value="false"/>
    <property name="awt.toolkit" value="sun.awt.windows.WToolkit"/>
    <property name="ibm.signalhandling.sigint" value="true"/>
    <property name="user.home" value="C:\Users\haipeng.wang"/>
    <property name="com.ibm.cpu.endian" value="little"/>
    <property name="java.version.date" value="2020-07-14"/>
    <property name="java.specification.vendor" value="Oracle Corporation"/>
    <property name="ibm.signalhandling.sigchain" value="true"/>
    <property name="library.jansi.path" value="E:\Maven\bin\apache-maven-3.6.3\bin\..\lib\jansi-native"/>
    <property name="java.library.path" value="E:\JDK_jre\jdk-14.0.2+12\bin\compressedrefs;E:\JDK_jre\jdk-14.0.2+12\bin;C:\Windows\system32;C:\Windows;C:\Python38\Scripts\;C:\Python38\;D:\app\haipeng.wang\product\11.2.0\dbhome_2\bin;C:\Windows\system32;C:\Windows;C:\Windows\System32\Wbem;C:\Windows\System32\WindowsPowerShell\v1.0\;C:\Windows\System32\OpenSSH\;C:\Program Files\Microsoft VS Code\bin;E:\SVN\bin;C:\Program Files\TortoiseSVN\bin;C:\Program Files\Git\cmd;C:\ProgramData\chocolatey\bin;E:\NODE.JS\;D:\PYTHON\Scripts\;D:\PYTHON\;C:\Users\haipeng.wang\AppData\Local\Microsoft\WindowsApps;E:\Maven\bin\apache-maven-3.6.3\bin;C:\Users\haipeng.wang\AppData\Roaming\npm;E:\JDK_jre\jdk-14.0.2+12\bin;;."/>
    <property name="java.vendor.url" value="https://adoptopenjdk.net/"/>
    <property name="java.vm.vendor" value="Eclipse OpenJ9"/>
    <property name="java.fullversion" value="14.0.2+12
JRE 14 Windows 10 amd64-64-Bit Compressed References 20200715_148 (JIT enabled, AOT enabled)
OpenJ9   - 34cf4c075
OMR      - 113e54219
JCL      - 1d231bd6a2 based on jdk-14.0.2+12"/>
    <property name="maven.home" value="E:\Maven\bin\apache-maven-3.6.3\bin\.."/>
    <property name="java.runtime.name" value="OpenJDK Runtime Environment"/>
    <property name="sun.java.command" value="org.codehaus.plexus.classworlds.launcher.Launcher test"/>
    <property name="java.class.path" value="E:\Maven\bin\apache-maven-3.6.3\bin\..\boot\plexus-classworlds-2.6.0.jar"/>
    <property name="java.vm.specification.name" value="Java Virtual Machine Specification"/>
    <property name="java.vm.specification.version" value="14"/>
    <property name="sun.cpu.endian" value="little"/>
    <property name="java.io.tmpdir" value="C:\Users\HAIPEN~1.WAN\AppData\Local\Temp\"/>
    <property name="java.vendor.url.bug" value="https://github.com/AdoptOpenJDK/openjdk-support/issues"/>
    <property name="maven.multiModuleProjectDirectory" value="F:\Project_java\java_PlayGround"/>
    <property name="ibm.system.encoding" value="GBK"/>
    <property name="os.arch" value="amd64"/>
    <property name="java.awt.graphicsenv" value="sun.awt.Win32GraphicsEnvironment"/>
    <property name="ibm.signalhandling.rs" value="false"/>
    <property name="user.dir" value="F:\Project_java\java_PlayGround"/>
    <property name="line.separator" value="
"/>
    <property name="java.vm.name" value="Eclipse OpenJ9 VM"/>
    <property name="com.ibm.oti.shared.enabled" value="false"/>
    <property name="com.ibm.vm.bitmode" value="64"/>
    <property name="file.encoding" value="GBK"/>
    <property name="java.specification.version" value="14"/>
    <property name="com.ibm.oti.configuration" value="scar"/>
    <property name="java.vendor.version" value="AdoptOpenJDK"/>
  </properties>
  <testcase classname="TestFather" name="testFather" time="0.002"/>
</testsuite>